{
  "RSpec": {
    "coverage": {
      "/Users/scott/Documents/code/find_me_snow_tdd/app/helpers/application_helper.rb": [
        1,
        null
      ],
      "/Users/scott/Documents/code/find_me_snow_tdd/app/helpers/directions_helper.rb": [
        1,
        null
      ],
      "/Users/scott/Documents/code/find_me_snow_tdd/app/helpers/resorts_helper.rb": [
        1,
        null
      ],
      "/Users/scott/Documents/code/find_me_snow_tdd/app/helpers/tweets_helper.rb": [
        1,
        null
      ],
      "/Users/scott/Documents/code/find_me_snow_tdd/app/controllers/directions_controller.rb": [
        1,
        1,
        1,
        6,
        null,
        1,
        6,
        6,
        6,
        null,
        null,
        null,
        1,
        7,
        7,
        7,
        null,
        null,
        7,
        14,
        7,
        null,
        null,
        1,
        null,
        1,
        7,
        null,
        null,
        1,
        6,
        null,
        null
      ],
      "/Users/scott/Documents/code/find_me_snow_tdd/app/controllers/application_controller.rb": [
        1,
        null,
        null,
        1,
        null
      ],
      "/Users/scott/Documents/code/find_me_snow_tdd/app/controllers/resorts_controller.rb": [
        1,
        1,
        null,
        null,
        null,
        1,
        5,
        5,
        5,
        null,
        5,
        10,
        5,
        null,
        null,
        null,
        1,
        null,
        1,
        0,
        null,
        null
      ],
      "/Users/scott/Documents/code/find_me_snow_tdd/app/controllers/tweets_controller.rb": [
        1,
        null,
        1,
        1,
        null,
        null,
        null,
        null
      ],
      "/Users/scott/Documents/code/find_me_snow_tdd/app/models/direction.rb": [
        1,
        null,
        null
      ],
      "/Users/scott/Documents/code/find_me_snow_tdd/app/models/tweet.rb": [
        1,
        1,
        null
      ],
      "/Users/scott/Documents/code/find_me_snow_tdd/app/models/geolocator.rb": [
        1,
        1,
        null,
        1,
        null,
        27,
        27,
        null,
        null,
        null,
        1,
        null,
        14,
        14,
        null,
        null,
        null,
        1,
        11,
        11,
        22,
        null,
        null,
        null,
        null,
        1,
        null,
        15,
        null,
        null,
        null,
        1,
        27,
        null,
        null,
        1,
        null,
        15,
        null,
        null,
        null,
        null
      ],
      "/Users/scott/Documents/code/find_me_snow_tdd/app/models/resort.rb": [
        1,
        1,
        1,
        1,
        1,
        null,
        1,
        8,
        null,
        null,
        1,
        24,
        1,
        1,
        null,
        23,
        23,
        null,
        null,
        null
      ]
    },
    "timestamp": 1452671300
  }
}
